<?xml version="1.0" encoding="UTF-8"?>
<!-- Generated by org.testng.reporters.JUnitReportReporter -->
<testsuite skipped="0" hostname="DESKTOP-RR053FN" name="test.LoginTest" tests="1" failures="0" timestamp="2020-02-21T20:29:18 CST" time="21.325" errors="0">
  <testcase name="validuserShoulabletologin" time="21.325" classname="test.LoginTest"/>
</testsuite> <!-- test.LoginTest -->
